================================================================================
Appcelerator Titanium Diagnostics Build Log
The contents of this file are useful to send to Appcelerator Support if
reporting an issue to help us understand your environment, build settings
and aid in debugging. Please attach this log to any issue that you report.
================================================================================

Starting build at 08/14/12 16:48

Build details:

   timestamp=06/28/12 12:16
   module_apiversion=2
   version=2.1.0
   githash=6e3cab6


Script arguments:
   /Users/george/Library/Application Support/Titanium/mobilesdk/osx/2.1.0.GA/iphone/builder.py
   simulator
   5.1
   /Volumes/Macintosh HD/Users/george/Documents/Projects/QuixonicUnfuddle/qxnc_qxncproducts/trunk/QuixonicKernel/External/SVNIgnore/GitHub/InAppSettingsKit/Appcelerator/InAppSettingsKitSampleApp
   com.inappsettingskit.tiiasksampleapp
   TiIASKSample
   universal
   ipad
   

Building from: /Users/george/Library/Application Support/Titanium/mobilesdk/osx/2.1.0.GA/iphone
Platform: Darwin Kernel Version 12.0.0: Sun Jun 24 23:00:16 PDT 2012; root:xnu-2050.7.9~1/RELEASE_X86_64

Xcode path is: /Applications/Xcode.app/Contents/Developer

[INFO] Detected third-party module: com.inappsettingskit.inappsettingskit/1.0[INFO] Detected third-party module: com.inappsettingskit.inappsettingskit/1.0
githash=6e3cab6, existing_git_hash=6e3cab6
writing contents of /Volumes/Macintosh HD/Users/george/Documents/Projects/QuixonicUnfuddle/qxnc_qxncproducts/trunk/QuixonicKernel/External/SVNIgnore/GitHub/InAppSettingsKit/Appcelerator/InAppSettingsKitSampleApp/build/iphone/project.xcconfig:

TI_VERSION=2.1.0.GA
TI_SDK_DIR=/Users/george/Library/Application Support/Titanium/mobilesdk/osx/$(TI_VERSION)/iphone
TI_APPID=com.inappsettingskit.tiiasksampleapp
OTHER_LDFLAGS[sdk=iphoneos*]=$(inherited) -weak_framework iAd
OTHER_LDFLAGS[sdk=iphonesimulator*]=$(inherited) -weak_framework iAd
#include "module"

old contents


Generated the following stylecode code:

<?xml version="1.0" encoding="UTF-8"?>
<!DOCTYPE plist PUBLIC "-//Apple//DTD PLIST 1.0//EN" "http://www.apple.com/DTDs/PropertyList-1.0.dtd">
<plist version="1.0">
	<dict>
		<key>classes</key>
		<dict>
</dict>

		<key>classes_density</key>
		<dict>
</dict>

		<key>ids</key>
		<dict>
</dict>

		<key>ids_density</key>
		<dict>
</dict>

		<key>tags</key>
		<dict>
</dict>

		<key>tags_density</key>
		<dict>
</dict>

	</dict>
</plist>
Finishing build
